<?xml version="1.0" encoding="UTF-8"?>
<!-- Generated by org.testng.reporters.JUnitReportReporter -->
<testsuite hostname="WIN-4PT72I7HINB" failures="0" tests="1" name="com.valtech.TestCases.Exercises" time="18.465" errors="0" timestamp="21 авг. 2020 11:31:06 GMT" skipped="0">
  <testcase classname="com.valtech.TestCases.Exercises" name="exercise3" time="18.465"/>
</testsuite> <!-- com.valtech.TestCases.Exercises -->
